<?xml version="1.0" encoding="UTF-8" ?>
<testsuite tests="1" failures="0" name="tests.ElementsTextBoxPageTest" time="1.13" errors="0" skipped="0">
  <properties>
    <property name="java.runtime.name" value="OpenJDK Runtime Environment"/>
    <property name="java.vm.version" value="17.0.8.1+1-LTS"/>
    <property name="sun.boot.library.path" value="C:\Program Files\RedHat\java-17-openjdk-17.0.8.1.1-2\bin"/>
    <property name="maven.multiModuleProjectDirectory" value="C:\Studies\Excercise Codes\qademo"/>
    <property name="java.vm.vendor" value="Red Hat, Inc."/>
    <property name="java.vendor.url" value="https://access.redhat.com/"/>
    <property name="guice.disable.misplaced.annotation.check" value="true"/>
    <property name="path.separator" value=";"/>
    <property name="java.vm.name" value="OpenJDK 64-Bit Server VM"/>
    <property name="sun.os.patch.level" value=""/>
    <property name="user.script" value=""/>
    <property name="user.country" value="GB"/>
    <property name="sun.java.launcher" value="SUN_STANDARD"/>
    <property name="java.vm.specification.name" value="Java Virtual Machine Specification"/>
    <property name="user.dir" value="C:\Studies\Excercise Codes\qademo"/>
    <property name="java.vm.compressedOopsMode" value="Zero based"/>
    <property name="java.runtime.version" value="17.0.8.1+1-LTS"/>
    <property name="os.arch" value="amd64"/>
    <property name="java.io.tmpdir" value="C:\Users\2417689\AppData\Local\Temp\"/>
    <property name="line.separator" value="
"/>
    <property name="java.vm.specification.vendor" value="Oracle Corporation"/>
    <property name="user.variant" value=""/>
    <property name="os.name" value="Windows 11"/>
    <property name="classworlds.conf" value="C:\Studies\Excercise Codes\.metadata\.plugins\org.eclipse.m2e.launching\launches\m2conf4672161629577921523.tmp"/>
    <property name="sun.jnu.encoding" value="Cp1252"/>
    <property name="java.library.path" value="C:\Program Files\RedHat\java-17-openjdk-17.0.8.1.1-2\bin;C:\Windows\Sun\Java\bin;C:\Windows\system32;C:\Windows;C:/Program Files/RedHat/java-17-openjdk-17.0.8.1.1-2/bin/server;C:/Program Files/RedHat/java-17-openjdk-17.0.8.1.1-2/bin;C:\Program Files\Microsoft MPI\Bin\;C:\Windows\system32;C:\Windows;C:\Windows\System32\Wbem;C:\Windows\System32\WindowsPowerShell\v1.0\;C:\Windows\System32\OpenSSH\;C:\Program Files (x86)\Microsoft SQL Server\160\DTS\Binn\;C:\Program Files\Azure Data Studio\bin;C:\Program Files (x86)\Microsoft SQL Server\150\Tools\Binn\;C:\Program Files\Microsoft SQL Server\150\Tools\Binn\;C:\Program Files (x86)\Microsoft SQL Server\150\DTS\Binn\;C:\Program Files\Microsoft SQL Server\150\DTS\Binn\;C:\Program Files\Microsoft SQL Server\Client SDK\ODBC\170\Tools\Binn\;C:\Program Files\RedHat\java-17-openjdk-17.0.8.1.1-2\bin;C:\Program Files\dotnet\;C:\Program Files (x86)\dotnet\;C:\Program Files\git-cola\bin;C:\Program Files\Git\cmd;C:\Users\2417689\AppData\Local\Microsoft\WindowsApps;C:\Users\2417689\AppData\Local\Programs\Microsoft VS Code\bin;C:\Maven 3.9.9\apache-maven-3.9.9-bin\apache-maven-3.9.9\bin;;C:\Eclipse SDK 4.9\eclipse;;."/>
    <property name="jdk.debug" value="release"/>
    <property name="java.class.version" value="61.0"/>
    <property name="java.specification.name" value="Java Platform API Specification"/>
    <property name="sun.management.compiler" value="HotSpot 64-Bit Tiered Compilers"/>
    <property name="os.version" value="10.0"/>
    <property name="user.home" value="C:\Users\2417689"/>
    <property name="user.timezone" value="Europe/London"/>
    <property name="file.encoding" value="Cp1252"/>
    <property name="java.specification.version" value="17"/>
    <property name="user.name" value="2417689"/>
    <property name="java.class.path" value="C:\Eclipse SDK 4.9\eclipse\plugins\org.eclipse.m2e.maven.runtime_1.9.1.20180912-1600\jars\plexus-classworlds-2.5.2.jar"/>
    <property name="java.vm.specification.version" value="17"/>
    <property name="sun.arch.data.model" value="64"/>
    <property name="sun.java.command" value="org.codehaus.plexus.classworlds.launcher.Launcher -B install"/>
    <property name="java.home" value="C:\Program Files\RedHat\java-17-openjdk-17.0.8.1.1-2"/>
    <property name="user.language" value="en"/>
    <property name="java.specification.vendor" value="Oracle Corporation"/>
    <property name="java.vm.info" value="mixed mode, sharing"/>
    <property name="java.version" value="17.0.8.1"/>
    <property name="native.encoding" value="Cp1252"/>
    <property name="java.vendor" value="Red Hat, Inc."/>
    <property name="maven.home" value="C:\Studies\Excercise Codes\qademo\EMBEDDED"/>
    <property name="file.separator" value="\"/>
    <property name="java.version.date" value="2023-08-24"/>
    <property name="java.vendor.url.bug" value="https://bugzilla.redhat.com/enter_bug.cgi"/>
    <property name="sun.io.unicode.encoding" value="UnicodeLittle"/>
    <property name="sun.cpu.endian" value="little"/>
    <property name="java.vendor.version" value="(Red_Hat-17.0.8.1+1-2)"/>
    <property name="sun.cpu.isalist" value="amd64"/>
  </properties>
  <testcase classname="tests.ElementsTextBoxPageTest" name="testFillTextBoxForm" time="1.13"/>
</testsuite>