<?xml version="1.0" encoding="UTF-8"?>
<!-- Generated by org.testng.reporters.JUnitReportReporter -->
<testsuite hostname="LTGB013031" failures="0" tests="2" name="tests.ElementsTextBoxPageTest" time="11.758" errors="0" timestamp="2025-06-18T15:27:19 BST" skipped="0">
  <testcase classname="tests.ElementsTextBoxPageTest" name="canSubmitWithValidDetails" time="6.356"/>
  <testcase classname="tests.ElementsTextBoxPageTest" name="canNotSubmitWithInvalidEmail" time="5.402"/>
</testsuite> <!-- tests.ElementsTextBoxPageTest -->
