<?xml version="1.0" encoding="UTF-8"?>
<!-- Generated by org.testng.reporters.JUnitReportReporter -->
<testsuite hostname="LTGB013031" failures="0" tests="1" name="tests.ElementsTextBoxPageTest" time="9.588" errors="0" timestamp="2025-06-18T09:27:31 BST" skipped="0">
  <testcase classname="tests.ElementsTextBoxPageTest" name="testFillTextBoxForm" time="9.588"/>
</testsuite> <!-- tests.ElementsTextBoxPageTest -->
