<?xml version="1.0" encoding="UTF-8"?>
<!-- Generated by org.testng.reporters.JUnitReportReporter -->
<testsuite hostname="LTGB013031" failures="0" tests="1" name="tests.ElementsTextBoxPageTest" time="12.979" errors="0" timestamp="2025-06-17T17:16:57 BST" skipped="0">
  <testcase classname="tests.ElementsTextBoxPageTest" name="testFillTextBoxForm" time="12.979"/>
</testsuite> <!-- tests.ElementsTextBoxPageTest -->
